<?xml version="1.0" encoding="UTF-8"?>
<!-- Generated by org.testng.reporters.JUnitReportReporter -->
<testsuite hostname="mustafas-macbook-pro-2.home" failures="0" tests="4" name="Mytestcases" time="17.120" errors="0" timestamp="2024-10-23T01:35:38 EET" skipped="3">
  <testcase classname="Mytestcases" name="AddItemToThecart" time="17.120"/>
  <system-out/>
  <testcase classname="Mytestcases" name="Login">
    <skipped/>
  </testcase> <!-- Login -->
  <system-out/>
  <testcase classname="Mytestcases" name="signUp">
    <skipped/>
  </testcase> <!-- signUp -->
  <system-out/>
  <testcase classname="Mytestcases" name="Logout">
    <skipped/>
  </testcase> <!-- Logout -->
  <system-out/>
</testsuite> <!-- Mytestcases -->
